[debug] [2024-03-01T19:49:11.450Z] ----------------------------------------------------------------------
[debug] [2024-03-01T19:49:11.452Z] Command:       C:\Program Files\nodejs\node.exe C:\Users\Marcelo\AppData\Roaming\npm\node_modules\firebase-tools\lib\bin\firebase.js init
[debug] [2024-03-01T19:49:11.453Z] CLI Version:   12.6.2
[debug] [2024-03-01T19:49:11.453Z] Platform:      win32
[debug] [2024-03-01T19:49:11.453Z] Node Version:  v19.8.1
[debug] [2024-03-01T19:49:11.453Z] Time:          Fri Mar 01 2024 16:49:11 GMT-0300 (hora estándar de Argentina)
[debug] [2024-03-01T19:49:11.453Z] ----------------------------------------------------------------------
[debug] 
[debug] [2024-03-01T19:49:11.526Z] > command requires scopes: ["email","openid","https://www.googleapis.com/auth/cloudplatformprojects.readonly","https://www.googleapis.com/auth/firebase","https://www.googleapis.com/auth/cloud-platform"]
[debug] [2024-03-01T19:49:11.527Z] > authorizing via signed-in user (neuronacero@gmail.com)
[info] 
     ######## #### ########  ######## ########     ###     ######  ########
     ##        ##  ##     ## ##       ##     ##  ##   ##  ##       ##
     ######    ##  ########  ######   ########  #########  ######  ######
     ##        ##  ##    ##  ##       ##     ## ##     ##       ## ##
     ##       #### ##     ## ######## ########  ##     ##  ######  ########

You're about to initialize a Firebase project in this directory:

  C:\xampp\htdocs\nelmar

Before we get started, keep in mind:

  * You are currently outside your home directory
  * You are initializing within an existing Firebase project directory

